<?xml version="1.0" encoding="UTF-8"?>
<!-- Generated by org.testng.reporters.JUnitXMLReporter -->
<testsuite ignored="3" hostname="LAPTOP-IR4FK8S3" failures="0" tests="20" name="Default test" time="151.001" errors="0" timestamp="2025-10-29T00:16:45 EET">
  <testcase classname="LoginPage.MyTestPage" name="AddToCart" time="6.387"/>
  <testcase classname="LoginPage.MyTestPage" name="AddToCart" time="7.269"/>
  <testcase classname="LoginPage.MyTestPage" name="AddToCart" time="8.442"/>
  <testcase classname="LoginPage.MyTestPage" name="AddToCart" time="6.3"/>
  <testcase classname="LoginPage.MyTestPage" name="AddToCart" time="6.285"/>
  <testcase classname="LoginPage.MyTestPage" name="AddToCart" time="8.081"/>
  <testcase classname="LoginPage.MyTestPage" name="AddToCart" time="6.343"/>
  <testcase classname="LoginPage.MyTestPage" name="AddToCart" time="6.765"/>
  <testcase classname="LoginPage.MyTestPage" name="AddToCart" time="6.629"/>
  <testcase classname="LoginPage.MyTestPage" name="AddToCart" time="6.464"/>
  <testcase classname="LoginPage.MyTestPage" name="AddToCart" time="6.382"/>
  <testcase classname="LoginPage.MyTestPage" name="AddToCart" time="6.862"/>
  <testcase classname="LoginPage.MyTestPage" name="AddToCart" time="11.507"/>
  <testcase classname="LoginPage.MyTestPage" name="AddToCart" time="7.985"/>
  <testcase classname="LoginPage.MyTestPage" name="AddToCart" time="8.664"/>
  <testcase classname="LoginPage.MyTestPage" name="AddToCart" time="8.227"/>
  <testcase classname="LoginPage.MyTestPage" name="AddToCart" time="7.614"/>
  <testcase classname="LoginPage.MyTestPage" name="AddToCart" time="7.24"/>
  <testcase classname="LoginPage.MyTestPage" name="AddToCart" time="7.403"/>
  <testcase classname="LoginPage.MyTestPage" name="AddToCart" time="7.857"/>
  <testcase classname="LoginPage.MyTestPage" name="Login" time="0.0">
    <ignored/>
  </testcase> <!-- Login -->
  <testcase classname="LoginPage.MyTestPage" name="Logout" time="0.0">
    <ignored/>
  </testcase> <!-- Logout -->
  <testcase classname="LoginPage.MyTestPage" name="SignUp" time="0.0">
    <ignored/>
  </testcase> <!-- SignUp -->
</testsuite> <!-- Default test -->
