<?xml version="1.0" encoding="UTF-8"?>
<testng-results ignored="0" total="1" passed="1" failed="0" skipped="0">
  <reporter-output>
  </reporter-output>
  <suite started-at="2025-10-26T22:47:39 EET" name="Default suite" finished-at="2025-10-26T22:47:53 EET" duration-ms="14284">
    <groups>
    </groups>
    <test started-at="2025-10-26T22:47:39 EET" name="Default test" finished-at="2025-10-26T22:47:53 EET" duration-ms="14284">
      <class name="LoginPage.MyTestPage">
        <test-method is-config="true" signature="mySetUp()[pri:0, instance:LoginPage.MyTestPage@70ab2d48]" started-at="2025-10-26T22:47:39 EET" name="mySetUp" finished-at="2025-10-26T22:47:41 EET" duration-ms="2596" status="PASS">
          <reporter-output>
          </reporter-output>
        </test-method> <!-- mySetUp -->
        <test-method signature="SignUp()[pri:1, instance:LoginPage.MyTestPage@70ab2d48]" started-at="2025-10-26T22:47:41 EET" name="SignUp" finished-at="2025-10-26T22:47:53 EET" duration-ms="11648" status="PASS">
          <reporter-output>
          </reporter-output>
        </test-method> <!-- SignUp -->
      </class> <!-- LoginPage.MyTestPage -->
    </test> <!-- Default test -->
  </suite> <!-- Default suite -->
</testng-results>
