<?xml version="1.0" encoding="UTF-8"?>
<testng-results ignored="3" total="23" passed="20" failed="0" skipped="0">
  <reporter-output>
  </reporter-output>
  <suite started-at="2025-10-29T00:14:14 EET" name="Default suite" finished-at="2025-10-29T00:16:45 EET" duration-ms="151001">
    <groups>
    </groups>
    <test started-at="2025-10-29T00:14:14 EET" name="Default test" finished-at="2025-10-29T00:16:45 EET" duration-ms="151001">
      <class name="LoginPage.MyTestPage">
        <test-method is-config="true" signature="mySetUp()[pri:0, instance:LoginPage.MyTestPage@13518f37]" started-at="2025-10-29T00:14:14 EET" name="mySetUp" finished-at="2025-10-29T00:14:16 EET" duration-ms="2228" status="PASS">
          <reporter-output>
          </reporter-output>
        </test-method> <!-- mySetUp -->
        <test-method signature="AddToCart()[pri:4, instance:LoginPage.MyTestPage@13518f37]" started-at="2025-10-29T00:14:16 EET" name="AddToCart" finished-at="2025-10-29T00:14:22 EET" duration-ms="6387" status="PASS">
          <reporter-output>
          </reporter-output>
        </test-method> <!-- AddToCart -->
        <test-method signature="AddToCart()[pri:4, instance:LoginPage.MyTestPage@13518f37]" started-at="2025-10-29T00:14:22 EET" name="AddToCart" finished-at="2025-10-29T00:14:30 EET" duration-ms="7269" status="PASS">
          <reporter-output>
          </reporter-output>
        </test-method> <!-- AddToCart -->
        <test-method signature="AddToCart()[pri:4, instance:LoginPage.MyTestPage@13518f37]" started-at="2025-10-29T00:14:30 EET" name="AddToCart" finished-at="2025-10-29T00:14:38 EET" duration-ms="8442" status="PASS">
          <reporter-output>
          </reporter-output>
        </test-method> <!-- AddToCart -->
        <test-method signature="AddToCart()[pri:4, instance:LoginPage.MyTestPage@13518f37]" started-at="2025-10-29T00:14:38 EET" name="AddToCart" finished-at="2025-10-29T00:14:44 EET" duration-ms="6300" status="PASS">
          <reporter-output>
          </reporter-output>
        </test-method> <!-- AddToCart -->
        <test-method signature="AddToCart()[pri:4, instance:LoginPage.MyTestPage@13518f37]" started-at="2025-10-29T00:14:44 EET" name="AddToCart" finished-at="2025-10-29T00:14:51 EET" duration-ms="6285" status="PASS">
          <reporter-output>
          </reporter-output>
        </test-method> <!-- AddToCart -->
        <test-method signature="AddToCart()[pri:4, instance:LoginPage.MyTestPage@13518f37]" started-at="2025-10-29T00:14:51 EET" name="AddToCart" finished-at="2025-10-29T00:14:59 EET" duration-ms="8081" status="PASS">
          <reporter-output>
          </reporter-output>
        </test-method> <!-- AddToCart -->
        <test-method signature="AddToCart()[pri:4, instance:LoginPage.MyTestPage@13518f37]" started-at="2025-10-29T00:14:59 EET" name="AddToCart" finished-at="2025-10-29T00:15:05 EET" duration-ms="6343" status="PASS">
          <reporter-output>
          </reporter-output>
        </test-method> <!-- AddToCart -->
        <test-method signature="AddToCart()[pri:4, instance:LoginPage.MyTestPage@13518f37]" started-at="2025-10-29T00:15:05 EET" name="AddToCart" finished-at="2025-10-29T00:15:12 EET" duration-ms="6765" status="PASS">
          <reporter-output>
          </reporter-output>
        </test-method> <!-- AddToCart -->
        <test-method signature="AddToCart()[pri:4, instance:LoginPage.MyTestPage@13518f37]" started-at="2025-10-29T00:15:12 EET" name="AddToCart" finished-at="2025-10-29T00:15:18 EET" duration-ms="6629" status="PASS">
          <reporter-output>
          </reporter-output>
        </test-method> <!-- AddToCart -->
        <test-method signature="AddToCart()[pri:4, instance:LoginPage.MyTestPage@13518f37]" started-at="2025-10-29T00:15:18 EET" name="AddToCart" finished-at="2025-10-29T00:15:25 EET" duration-ms="6464" status="PASS">
          <reporter-output>
          </reporter-output>
        </test-method> <!-- AddToCart -->
        <test-method signature="AddToCart()[pri:4, instance:LoginPage.MyTestPage@13518f37]" started-at="2025-10-29T00:15:25 EET" name="AddToCart" finished-at="2025-10-29T00:15:31 EET" duration-ms="6382" status="PASS">
          <reporter-output>
          </reporter-output>
        </test-method> <!-- AddToCart -->
        <test-method signature="AddToCart()[pri:4, instance:LoginPage.MyTestPage@13518f37]" started-at="2025-10-29T00:15:31 EET" name="AddToCart" finished-at="2025-10-29T00:15:38 EET" duration-ms="6862" status="PASS">
          <reporter-output>
          </reporter-output>
        </test-method> <!-- AddToCart -->
        <test-method signature="AddToCart()[pri:4, instance:LoginPage.MyTestPage@13518f37]" started-at="2025-10-29T00:15:38 EET" name="AddToCart" finished-at="2025-10-29T00:15:50 EET" duration-ms="11507" status="PASS">
          <reporter-output>
          </reporter-output>
        </test-method> <!-- AddToCart -->
        <test-method signature="AddToCart()[pri:4, instance:LoginPage.MyTestPage@13518f37]" started-at="2025-10-29T00:15:50 EET" name="AddToCart" finished-at="2025-10-29T00:15:58 EET" duration-ms="7985" status="PASS">
          <reporter-output>
          </reporter-output>
        </test-method> <!-- AddToCart -->
        <test-method signature="AddToCart()[pri:4, instance:LoginPage.MyTestPage@13518f37]" started-at="2025-10-29T00:15:58 EET" name="AddToCart" finished-at="2025-10-29T00:16:06 EET" duration-ms="8664" status="PASS">
          <reporter-output>
          </reporter-output>
        </test-method> <!-- AddToCart -->
        <test-method signature="AddToCart()[pri:4, instance:LoginPage.MyTestPage@13518f37]" started-at="2025-10-29T00:16:06 EET" name="AddToCart" finished-at="2025-10-29T00:16:15 EET" duration-ms="8227" status="PASS">
          <reporter-output>
          </reporter-output>
        </test-method> <!-- AddToCart -->
        <test-method signature="AddToCart()[pri:4, instance:LoginPage.MyTestPage@13518f37]" started-at="2025-10-29T00:16:15 EET" name="AddToCart" finished-at="2025-10-29T00:16:22 EET" duration-ms="7614" status="PASS">
          <reporter-output>
          </reporter-output>
        </test-method> <!-- AddToCart -->
        <test-method signature="AddToCart()[pri:4, instance:LoginPage.MyTestPage@13518f37]" started-at="2025-10-29T00:16:22 EET" name="AddToCart" finished-at="2025-10-29T00:16:29 EET" duration-ms="7240" status="PASS">
          <reporter-output>
          </reporter-output>
        </test-method> <!-- AddToCart -->
        <test-method signature="AddToCart()[pri:4, instance:LoginPage.MyTestPage@13518f37]" started-at="2025-10-29T00:16:29 EET" name="AddToCart" finished-at="2025-10-29T00:16:37 EET" duration-ms="7403" status="PASS">
          <reporter-output>
          </reporter-output>
        </test-method> <!-- AddToCart -->
        <test-method signature="AddToCart()[pri:4, instance:LoginPage.MyTestPage@13518f37]" started-at="2025-10-29T00:16:37 EET" name="AddToCart" finished-at="2025-10-29T00:16:45 EET" duration-ms="7857" status="PASS">
          <reporter-output>
          </reporter-output>
        </test-method> <!-- AddToCart -->
      </class> <!-- LoginPage.MyTestPage -->
    </test> <!-- Default test -->
  </suite> <!-- Default suite -->
</testng-results>
