<?xml version="1.0" encoding="UTF-8"?>
<testng-results ignored="0" total="1" passed="1" failed="0" skipped="0">
  <reporter-output>
  </reporter-output>
  <suite started-at="2025-10-23T16:45:47 EET" name="Default suite" finished-at="2025-10-23T16:45:56 EET" duration-ms="8316">
    <groups>
    </groups>
    <test started-at="2025-10-23T16:45:47 EET" name="Default test" finished-at="2025-10-23T16:45:56 EET" duration-ms="8316">
      <class name="LoginPage.MyTestPage">
        <test-method is-config="true" signature="mySetUp()[pri:0, instance:LoginPage.MyTestPage@70ab2d48]" started-at="2025-10-23T16:45:47 EET" name="mySetUp" finished-at="2025-10-23T16:45:51 EET" duration-ms="3167" status="PASS">
          <reporter-output>
          </reporter-output>
        </test-method> <!-- mySetUp -->
        <test-method signature="SignUp()[pri:1, instance:LoginPage.MyTestPage@70ab2d48]" started-at="2025-10-23T16:45:51 EET" name="SignUp" finished-at="2025-10-23T16:45:56 EET" duration-ms="5102" status="PASS">
          <reporter-output>
          </reporter-output>
        </test-method> <!-- SignUp -->
      </class> <!-- LoginPage.MyTestPage -->
    </test> <!-- Default test -->
  </suite> <!-- Default suite -->
</testng-results>
