<?xml version="1.0" encoding="UTF-8"?>
<!-- Generated by org.testng.reporters.JUnitReportReporter -->
<testsuite hostname="LAPTOP-IR4FK8S3" failures="0" tests="23" name="LoginPage.MyTestPage" time="148.706" errors="0" timestamp="2025-10-29T00:16:45 EET" skipped="3">
  <testcase classname="LoginPage.MyTestPage" name="AddToCart" time="6.300"/>
  <testcase classname="LoginPage.MyTestPage" name="AddToCart" time="8.664"/>
  <testcase classname="LoginPage.MyTestPage" name="AddToCart" time="6.382"/>
  <testcase classname="LoginPage.MyTestPage" name="AddToCart" time="7.269"/>
  <testcase classname="LoginPage.MyTestPage" name="AddToCart" time="6.765"/>
  <testcase classname="LoginPage.MyTestPage" name="AddToCart" time="7.985"/>
  <testcase classname="LoginPage.MyTestPage" name="AddToCart" time="7.240"/>
  <testcase classname="LoginPage.MyTestPage" name="AddToCart" time="7.614"/>
  <testcase classname="LoginPage.MyTestPage" name="AddToCart" time="6.464"/>
  <testcase classname="LoginPage.MyTestPage" name="AddToCart" time="6.629"/>
  <testcase classname="LoginPage.MyTestPage" name="AddToCart" time="6.285"/>
  <testcase classname="LoginPage.MyTestPage" name="AddToCart" time="7.857"/>
  <testcase classname="LoginPage.MyTestPage" name="AddToCart" time="7.403"/>
  <testcase classname="LoginPage.MyTestPage" name="AddToCart" time="8.081"/>
  <testcase classname="LoginPage.MyTestPage" name="AddToCart" time="8.227"/>
  <testcase classname="LoginPage.MyTestPage" name="AddToCart" time="11.507"/>
  <testcase classname="LoginPage.MyTestPage" name="AddToCart" time="6.343"/>
  <testcase classname="LoginPage.MyTestPage" name="AddToCart" time="8.442"/>
  <testcase classname="LoginPage.MyTestPage" name="AddToCart" time="6.862"/>
  <testcase classname="LoginPage.MyTestPage" name="AddToCart" time="6.387"/>
  <testcase classname="LoginPage.MyTestPage" name="Login">
    <skipped/>
  </testcase> <!-- Login -->
  <testcase classname="LoginPage.MyTestPage" name="Logout">
    <skipped/>
  </testcase> <!-- Logout -->
  <testcase classname="LoginPage.MyTestPage" name="SignUp">
    <skipped/>
  </testcase> <!-- SignUp -->
</testsuite> <!-- LoginPage.MyTestPage -->
